This is pdfTeX, Version 3.1415926-2.5-1.40.14 (TeX Live 2013/Debian) (format=pdflatex 2016.6.4)  5 JUN 2016 05:12
entering extended mode
 restricted \write18 enabled.
 %&-line parsing enabled.
**main.tex
(./main.tex
LaTeX2e <2011/06/27>
Babel <3.9h> and hyphenation patterns for 78 languages loaded.
(./IEEEtran.cls
Document Class: IEEEtran 2007/03/05 V1.7a by Michael Shell
-- See the "IEEEtran_HOWTO" manual for usage information.
-- http://www.michaelshell.org/tex/ieeetran/
\@IEEEtrantmpdimenA=\dimen102
\@IEEEtrantmpdimenB=\dimen103
\@IEEEtrantmpcountA=\count79
\@IEEEtrantmpcountB=\count80
\@IEEEtrantmptoksA=\toks14
LaTeX Font Info:    Try loading font information for OT1+ptm on input line 366.

(/usr/share/texlive/texmf-dist/tex/latex/psnfss/ot1ptm.fd
File: ot1ptm.fd 2001/06/04 font definitions for OT1/ptm.
)
-- Using 8.5in x 11in (letter) paper.
-- Using PDF output.
\@IEEEnormalsizeunitybaselineskip=\dimen104
-- This is a 10 point document.
\CLASSINFOnormalsizebaselineskip=\dimen105
\CLASSINFOnormalsizeunitybaselineskip=\dimen106
\IEEEnormaljot=\dimen107
LaTeX Font Info:    Font shape `OT1/ptm/bx/n' in size <5> not available
(Font)              Font shape `OT1/ptm/b/n' tried instead on input line 724.
LaTeX Font Info:    Font shape `OT1/ptm/bx/it' in size <5> not available
(Font)              Font shape `OT1/ptm/b/it' tried instead on input line 724.
LaTeX Font Info:    Font shape `OT1/ptm/bx/n' in size <7> not available
(Font)              Font shape `OT1/ptm/b/n' tried instead on input line 724.
LaTeX Font Info:    Font shape `OT1/ptm/bx/it' in size <7> not available
(Font)              Font shape `OT1/ptm/b/it' tried instead on input line 724.
LaTeX Font Info:    Font shape `OT1/ptm/bx/n' in size <8> not available
(Font)              Font shape `OT1/ptm/b/n' tried instead on input line 724.
LaTeX Font Info:    Font shape `OT1/ptm/bx/it' in size <8> not available
(Font)              Font shape `OT1/ptm/b/it' tried instead on input line 724.
LaTeX Font Info:    Font shape `OT1/ptm/bx/n' in size <9> not available
(Font)              Font shape `OT1/ptm/b/n' tried instead on input line 724.
LaTeX Font Info:    Font shape `OT1/ptm/bx/it' in size <9> not available
(Font)              Font shape `OT1/ptm/b/it' tried instead on input line 724.
LaTeX Font Info:    Font shape `OT1/ptm/bx/n' in size <10> not available
(Font)              Font shape `OT1/ptm/b/n' tried instead on input line 724.
LaTeX Font Info:    Font shape `OT1/ptm/bx/it' in size <10> not available
(Font)              Font shape `OT1/ptm/b/it' tried instead on input line 724.
LaTeX Font Info:    Font shape `OT1/ptm/bx/n' in size <11> not available
(Font)              Font shape `OT1/ptm/b/n' tried instead on input line 724.
LaTeX Font Info:    Font shape `OT1/ptm/bx/it' in size <11> not available
(Font)              Font shape `OT1/ptm/b/it' tried instead on input line 724.
LaTeX Font Info:    Font shape `OT1/ptm/bx/n' in size <12> not available
(Font)              Font shape `OT1/ptm/b/n' tried instead on input line 724.
LaTeX Font Info:    Font shape `OT1/ptm/bx/it' in size <12> not available
(Font)              Font shape `OT1/ptm/b/it' tried instead on input line 724.
LaTeX Font Info:    Font shape `OT1/ptm/bx/n' in size <17> not available
(Font)              Font shape `OT1/ptm/b/n' tried instead on input line 724.
LaTeX Font Info:    Font shape `OT1/ptm/bx/it' in size <17> not available
(Font)              Font shape `OT1/ptm/b/it' tried instead on input line 724.
LaTeX Font Info:    Font shape `OT1/ptm/bx/n' in size <20> not available
(Font)              Font shape `OT1/ptm/b/n' tried instead on input line 724.
LaTeX Font Info:    Font shape `OT1/ptm/bx/it' in size <20> not available
(Font)              Font shape `OT1/ptm/b/it' tried instead on input line 724.
LaTeX Font Info:    Font shape `OT1/ptm/bx/n' in size <24> not available
(Font)              Font shape `OT1/ptm/b/n' tried instead on input line 724.
LaTeX Font Info:    Font shape `OT1/ptm/bx/it' in size <24> not available
(Font)              Font shape `OT1/ptm/b/it' tried instead on input line 724.
\IEEEilabelindentA=\dimen108
\IEEEilabelindentB=\dimen109
\IEEEilabelindent=\dimen110
\IEEEelabelindent=\dimen111
\IEEEdlabelindent=\dimen112
\IEEElabelindent=\dimen113
\IEEEiednormlabelsep=\dimen114
\IEEEiedmathlabelsep=\dimen115
\IEEEiedtopsep=\skip41
\c@section=\count81
\c@subsection=\count82
\c@subsubsection=\count83
\c@paragraph=\count84
\c@IEEEsubequation=\count85
\abovecaptionskip=\skip42
\belowcaptionskip=\skip43
\c@figure=\count86
\c@table=\count87
\@IEEEeqnnumcols=\count88
\@IEEEeqncolcnt=\count89
\@IEEEtmpitemindent=\dimen116
\c@IEEEbiography=\count90
\@IEEEtranrubishbin=\box26
)
** ATTENTION: Overriding command lockouts (line 3).
(/usr/share/texlive/texmf-dist/tex/latex/setspace/setspace.sty
Package: setspace 2011/12/19 v6.7a set line spacing
)
(/usr/share/texlive/texmf-dist/tex/latex/tools/enumerate.sty
Package: enumerate 1999/03/05 v3.00 enumerate extensions (DPC)
\@enLab=\toks15
)
(/usr/share/texlive/texmf-dist/tex/latex/cite/cite.sty
LaTeX Info: Redefining \cite on input line 302.
LaTeX Info: Redefining \nocite on input line 373.
Package: cite 2010/09/10  v 5.3
)
(/usr/share/texlive/texmf-dist/tex/latex/psnfss/times.sty
Package: times 2005/04/12 PSNFSS-v9.2a (SPQR) 
)
(/usr/share/texlive/texmf-dist/tex/latex/url/url.sty
\Urlmuskip=\muskip10
Package: url 2013/09/16  ver 3.4  Verb mode for urls, etc.
)
(/usr/share/texlive/texmf-dist/tex/latex/graphics/graphicx.sty
Package: graphicx 1999/02/16 v1.0f Enhanced LaTeX Graphics (DPC,SPQR)

(/usr/share/texlive/texmf-dist/tex/latex/graphics/keyval.sty
Package: keyval 1999/03/16 v1.13 key=value parser (DPC)
\KV@toks@=\toks16
)
(/usr/share/texlive/texmf-dist/tex/latex/graphics/graphics.sty
Package: graphics 2009/02/05 v1.0o Standard LaTeX Graphics (DPC,SPQR)

(/usr/share/texlive/texmf-dist/tex/latex/graphics/trig.sty
Package: trig 1999/03/16 v1.09 sin cos tan (DPC)
)
(/usr/share/texlive/texmf-dist/tex/latex/latexconfig/graphics.cfg
File: graphics.cfg 2010/04/23 v1.9 graphics configuration of TeX Live
)
Package graphics Info: Driver file: pdftex.def on input line 91.

(/usr/share/texlive/texmf-dist/tex/latex/pdftex-def/pdftex.def
File: pdftex.def 2011/05/27 v0.06d Graphics/color for pdfTeX

(/usr/share/texlive/texmf-dist/tex/generic/oberdiek/infwarerr.sty
Package: infwarerr 2010/04/08 v1.3 Providing info/warning/error messages (HO)
)
(/usr/share/texlive/texmf-dist/tex/generic/oberdiek/ltxcmds.sty
Package: ltxcmds 2011/11/09 v1.22 LaTeX kernel commands for general use (HO)
)
\Gread@gobject=\count91
))
\Gin@req@height=\dimen117
\Gin@req@width=\dimen118
)
(/usr/share/texlive/texmf-dist/tex/latex/amsmath/amsmath.sty
Package: amsmath 2013/01/14 v2.14 AMS math features
\@mathmargin=\skip44

For additional information on amsmath, use the `?' option.
(/usr/share/texlive/texmf-dist/tex/latex/amsmath/amstext.sty
Package: amstext 2000/06/29 v2.01

(/usr/share/texlive/texmf-dist/tex/latex/amsmath/amsgen.sty
File: amsgen.sty 1999/11/30 v2.0
\@emptytoks=\toks17
\ex@=\dimen119
))
(/usr/share/texlive/texmf-dist/tex/latex/amsmath/amsbsy.sty
Package: amsbsy 1999/11/29 v1.2d
\pmbraise@=\dimen120
)
(/usr/share/texlive/texmf-dist/tex/latex/amsmath/amsopn.sty
Package: amsopn 1999/12/14 v2.01 operator names
)
\inf@bad=\count92
LaTeX Info: Redefining \frac on input line 210.
\uproot@=\count93
\leftroot@=\count94
LaTeX Info: Redefining \overline on input line 306.
\classnum@=\count95
\DOTSCASE@=\count96
LaTeX Info: Redefining \ldots on input line 378.
LaTeX Info: Redefining \dots on input line 381.
LaTeX Info: Redefining \cdots on input line 466.
\Mathstrutbox@=\box27
\strutbox@=\box28
\big@size=\dimen121
LaTeX Font Info:    Redeclaring font encoding OML on input line 566.
LaTeX Font Info:    Redeclaring font encoding OMS on input line 567.
\macc@depth=\count97
\c@MaxMatrixCols=\count98
\dotsspace@=\muskip11
\c@parentequation=\count99
\dspbrk@lvl=\count100
\tag@help=\toks18
\row@=\count101
\column@=\count102
\maxfields@=\count103
\andhelp@=\toks19
\eqnshift@=\dimen122
\alignsep@=\dimen123
\tagshift@=\dimen124
\tagwidth@=\dimen125
\totwidth@=\dimen126
\lineht@=\dimen127
\@envbody=\toks20
\multlinegap=\skip45
\multlinetaggap=\skip46
\mathdisplay@stack=\toks21
LaTeX Info: Redefining \[ on input line 2665.
LaTeX Info: Redefining \] on input line 2666.
)
(/usr/share/texlive/texmf-dist/tex/latex/algorithms/algorithm.sty
Package: algorithm 2009/08/24 v0.1 Document Style `algorithm' - floating enviro
nment

(/usr/share/texlive/texmf-dist/tex/latex/float/float.sty
Package: float 2001/11/08 v1.3d Float enhancements (AL)
\c@float@type=\count104
\float@exts=\toks22
\float@box=\box29
\@float@everytoks=\toks23
\@floatcapt=\box30
)
(/usr/share/texlive/texmf-dist/tex/latex/base/ifthen.sty
Package: ifthen 2001/05/26 v1.1c Standard LaTeX ifthen package (DPC)
)
\@float@every@algorithm=\toks24
\c@algorithm=\count105
)
(/usr/share/texlive/texmf-dist/tex/latex/algorithmicx/algpseudocode.sty
Package: algpseudocode 

(/usr/share/texlive/texmf-dist/tex/latex/algorithmicx/algorithmicx.sty
Package: algorithmicx 2005/04/27 v1.2 Algorithmicx

Document Style algorithmicx 1.2 - a greatly improved `algorithmic' style
\c@ALG@line=\count106
\c@ALG@rem=\count107
\c@ALG@nested=\count108
\ALG@tlm=\skip47
\ALG@thistlm=\skip48
\c@ALG@Lnr=\count109
\c@ALG@blocknr=\count110
\c@ALG@storecount=\count111
\c@ALG@tmpcounter=\count112
\ALG@tmplength=\skip49
)
Document Style - pseudocode environments for use with the `algorithmicx' style
) (/usr/share/texlive/texmf-dist/tex/latex/psnfss/pifont.sty
Package: pifont 2005/04/12 PSNFSS-v9.2a Pi font support (SPQR) 
LaTeX Font Info:    Try loading font information for U+pzd on input line 63.

(/usr/share/texlive/texmf-dist/tex/latex/psnfss/upzd.fd
File: upzd.fd 2001/06/04 font definitions for U/pzd.
)
LaTeX Font Info:    Try loading font information for U+psy on input line 64.

(/usr/share/texlive/texmf-dist/tex/latex/psnfss/upsy.fd
File: upsy.fd 2001/06/04 font definitions for U/psy.
))
(/usr/share/texlive/texmf-dist/tex/latex/graphics/color.sty
Package: color 2005/11/14 v1.0j Standard LaTeX Color (DPC)

(/usr/share/texlive/texmf-dist/tex/latex/latexconfig/color.cfg
File: color.cfg 2007/01/18 v1.5 color configuration of teTeX/TeXLive
)
Package color Info: Driver file: pdftex.def on input line 130.
)
(./entity_centric_kb_pop_defs.tex
\c@theorem=\count113

(/usr/share/texlive/texmf-dist/tex/latex/tools/array.sty
Package: array 2008/09/09 v2.4c Tabular extension package (FMi)
\col@sep=\dimen128
\extrarowheight=\dimen129
\NC@list=\toks25
\extratabsurround=\skip50
\backup@length=\skip51
)) (./main.aux)
\openout1 = `main.aux'.

LaTeX Font Info:    Checking defaults for OML/cmm/m/it on input line 20.
LaTeX Font Info:    ... okay on input line 20.
LaTeX Font Info:    Checking defaults for T1/cmr/m/n on input line 20.
LaTeX Font Info:    ... okay on input line 20.
LaTeX Font Info:    Checking defaults for OT1/cmr/m/n on input line 20.
LaTeX Font Info:    ... okay on input line 20.
LaTeX Font Info:    Checking defaults for OMS/cmsy/m/n on input line 20.
LaTeX Font Info:    ... okay on input line 20.
LaTeX Font Info:    Checking defaults for OMX/cmex/m/n on input line 20.
LaTeX Font Info:    ... okay on input line 20.
LaTeX Font Info:    Checking defaults for U/cmr/m/n on input line 20.
LaTeX Font Info:    ... okay on input line 20.

(/usr/share/texlive/texmf-dist/tex/context/base/supp-pdf.mkii
[Loading MPS to PDF converter (version 2006.09.02).]
\scratchcounter=\count114
\scratchdimen=\dimen130
\scratchbox=\box31
\nofMPsegments=\count115
\nofMParguments=\count116
\everyMPshowfont=\toks26
\MPscratchCnt=\count117
\MPscratchDim=\dimen131
\MPnumerator=\count118
\makeMPintoPDFobject=\count119
\everyMPtoPDFconversion=\toks27
) (/usr/share/texlive/texmf-dist/tex/generic/oberdiek/pdftexcmds.sty
Package: pdftexcmds 2011/11/29 v0.20 Utility functions of pdfTeX for LuaTeX (HO
)

(/usr/share/texlive/texmf-dist/tex/generic/oberdiek/ifluatex.sty
Package: ifluatex 2010/03/01 v1.3 Provides the ifluatex switch (HO)
Package ifluatex Info: LuaTeX not detected.
)
(/usr/share/texlive/texmf-dist/tex/generic/oberdiek/ifpdf.sty
Package: ifpdf 2011/01/30 v2.3 Provides the ifpdf switch (HO)
Package ifpdf Info: pdfTeX in PDF mode is detected.
)
Package pdftexcmds Info: LuaTeX not detected.
Package pdftexcmds Info: \pdf@primitive is available.
Package pdftexcmds Info: \pdf@ifprimitive is available.
Package pdftexcmds Info: \pdfdraftmode found.
)
(/usr/share/texlive/texmf-dist/tex/latex/oberdiek/epstopdf-base.sty
Package: epstopdf-base 2010/02/09 v2.5 Base part for package epstopdf

(/usr/share/texlive/texmf-dist/tex/latex/oberdiek/grfext.sty
Package: grfext 2010/08/19 v1.1 Manage graphics extensions (HO)

(/usr/share/texlive/texmf-dist/tex/generic/oberdiek/kvdefinekeys.sty
Package: kvdefinekeys 2011/04/07 v1.3 Define keys (HO)
))
(/usr/share/texlive/texmf-dist/tex/latex/oberdiek/kvoptions.sty
Package: kvoptions 2011/06/30 v3.11 Key value format for package options (HO)

(/usr/share/texlive/texmf-dist/tex/generic/oberdiek/kvsetkeys.sty
Package: kvsetkeys 2012/04/25 v1.16 Key value parser (HO)

(/usr/share/texlive/texmf-dist/tex/generic/oberdiek/etexcmds.sty
Package: etexcmds 2011/02/16 v1.5 Avoid name clashes with e-TeX commands (HO)
Package etexcmds Info: Could not find \expanded.
(etexcmds)             That can mean that you are not using pdfTeX 1.50 or
(etexcmds)             that some package has redefined \expanded.
(etexcmds)             In the latter case, load this package earlier.
)))
Package grfext Info: Graphics extension search list:
(grfext)             [.png,.pdf,.jpg,.mps,.jpeg,.jbig2,.jb2,.PNG,.PDF,.JPG,.JPE
G,.JBIG2,.JB2,.eps]
(grfext)             \AppendGraphicsExtensions on input line 452.

(/usr/share/texlive/texmf-dist/tex/latex/latexconfig/epstopdf-sys.cfg
File: epstopdf-sys.cfg 2010/07/13 v1.3 Configuration of (r)epstopdf for TeX Liv
e
))
(./sections/intro.tex
Underfull \hbox (badness 10000) in paragraph at lines 19--19
[]|\OT1/ptm/b/n/9 K\OT1/ptm/m/n/9 nown
 []


Underfull \hbox (badness 10000) in paragraph at lines 21--21
[]|\OT1/ptm/b/n/9 N\OT1/ptm/m/n/9 ew
 []

<images/pipeline.png, id=1, 1248.665pt x 407.5225pt>
File: images/pipeline.png Graphic file (type png)
 <use images/pipeline.png>
Package pdftex.def Info: images/pipeline.png used on input line 31.
(pdftex.def)             Requested size: 449.51906pt x 146.70798pt.
LaTeX Font Info:    Try loading font information for OT1+pcr on input line 39.

(/usr/share/texlive/texmf-dist/tex/latex/psnfss/ot1pcr.fd
File: ot1pcr.fd 2001/06/04 font definitions for OT1/pcr.
)
Underfull \hbox (badness 1694) in paragraph at lines 38--40
[]\OT1/ptm/m/n/10 In this pa-per we pro-pose EN-TIty Cen-tric Ex-pan-sion
 []


Underfull \hbox (badness 10000) in paragraph at lines 38--40
\OT1/pcr/m/n/9 https://github.com/malllabiisc/entity-centric-
 []

) (./sections/related.tex [1{/var/lib/texmf/fonts/map/pdftex/updmap/pdftex.map}


]) (./sections/results.tex
Underfull \hbox (badness 10000) in paragraph at lines 9--9
[]|\OT1/ptm/b/n/9 Knowledge
 []


Underfull \hbox (badness 10000) in paragraph at lines 9--9
\OT1/ptm/b/n/9 Den-sity in
 []


Underfull \hbox (badness 6542) in paragraph at lines 9--9
[]|\OT1/ptm/b/n/9 Knowledge Den-
 []


Underfull \hbox (badness 10000) in paragraph at lines 9--9
[]|\OT1/ptm/b/n/9 # Cor-rect
 []


Underfull \hbox (badness 10000) in paragraph at lines 34--35
[]|\OT1/ptm/b/n/9 Extraction
 []


Underfull \hbox (badness 10000) in paragraph at lines 42--42
[]|\OT1/ptm/m/it/9 George Paget
 []


Underfull \hbox (badness 10000) in paragraph at lines 42--42
[]|\OT1/ptm/m/it/9 (George Paget Thom-son,
 []


Overfull \hbox (2.22137pt too wide) in paragraph at lines 64--64
[]|\OT1/ptm/m/n/9 correct
 []


Overfull \hbox (2.22137pt too wide) in paragraph at lines 64--64
[]|\OT1/ptm/m/n/9 correct
 []


Overfull \hbox (2.22137pt too wide) in paragraph at lines 64--64
[]|\OT1/ptm/m/n/9 correct
 []


Overfull \hbox (2.22137pt too wide) in paragraph at lines 64--64
[]|\OT1/ptm/m/n/9 correct
 []


Overfull \hbox (1.75589pt too wide) in paragraph at lines 66--66
[]|\OT1/ptm/m/n/9 85.07| 
 []


Overfull \hbox (1.75589pt too wide) in paragraph at lines 66--66
[]|\OT1/ptm/m/n/9 88.40| 
 []


Overfull \hbox (1.75589pt too wide) in paragraph at lines 66--66
[]|\OT1/ptm/m/n/9 82.35| 
 []


Overfull \hbox (1.75589pt too wide) in paragraph at lines 66--67
[]|\OT1/ptm/m/n/9 81.81| 
 []


Overfull \hbox (1.75589pt too wide) in paragraph at lines 68--68
[]|\OT1/ptm/m/n/9 66.01| 
 []


Overfull \hbox (1.75589pt too wide) in paragraph at lines 68--68
[]|\OT1/ptm/m/n/9 73.41| 
 []


Overfull \hbox (1.75589pt too wide) in paragraph at lines 68--68
[]|\OT1/ptm/m/n/9 64.28| 
 []


Overfull \hbox (1.75589pt too wide) in paragraph at lines 70--70
[]|\OT1/ptm/m/n/9 63.41| 
 []


Overfull \hbox (1.75589pt too wide) in paragraph at lines 70--70
[]|\OT1/ptm/m/n/9 77.27| 
 []


Overfull \hbox (1.75589pt too wide) in paragraph at lines 70--70
[]|\OT1/ptm/m/n/9 81.81| 
 []


Overfull \hbox (1.75589pt too wide) in paragraph at lines 72--72
[]|\OT1/ptm/m/n/9 76.47| 
 []


Overfull \hbox (1.75589pt too wide) in paragraph at lines 72--72
[]|\OT1/ptm/m/n/9 86.81| 
 []


Overfull \hbox (1.75589pt too wide) in paragraph at lines 72--73
[]|\OT1/ptm/m/n/9 85.71| 
 []


Overfull \hbox (1.75589pt too wide) in paragraph at lines 74--74
[]|\OT1/ptm/m/n/9 69.79| 
 []


Overfull \hbox (1.75589pt too wide) in paragraph at lines 74--74
[]|\OT1/ptm/m/n/9 70.76| 
 []


Overfull \hbox (1.75589pt too wide) in paragraph at lines 74--74
[]|\OT1/ptm/m/n/9 78.94| 
 []


Overfull \hbox (1.75589pt too wide) in paragraph at lines 74--75
[]|\OT1/ptm/m/n/9 57.14| 
 []


Overfull \hbox (1.75589pt too wide) in paragraph at lines 77--77
[]|\OT1/ptm/m/n/9 71.55| 
 []


Overfull \hbox (1.75589pt too wide) in paragraph at lines 77--77
[]|\OT1/ptm/m/n/9 79.59| 
 []


Overfull \hbox (1.75589pt too wide) in paragraph at lines 77--77
[]|\OT1/ptm/m/n/9 77.77| 
 []


Overfull \hbox (1.75589pt too wide) in paragraph at lines 77--78
[]|\OT1/ptm/m/n/9 75.47| 
 []

) (./sections/method.tex [2 <./images/pipeline.png>]
Underfull \vbox (badness 10000) has occurred while \output is active []

 [3]
Underfull \hbox (badness 10000) in paragraph at lines 58--61

 []


Underfull \hbox (badness 10000) in paragraph at lines 64--66

 []


Underfull \hbox (badness 10000) in paragraph at lines 67--68

 []

Missing character: There is no â in font ptmr7t!
Missing character: There is no € in font ptmr7t!
Missing character: There is no ™ in font ptmr7t!
LaTeX Font Info:    Try loading font information for OMS+ptm on input line 149.

(/usr/share/texlive/texmf-dist/tex/latex/psnfss/omsptm.fd
File: omsptm.fd 
)
LaTeX Font Info:    Font shape `OMS/ptm/m/n' in size <10> not available
(Font)              Font shape `OMS/cmsy/m/n' tried instead on input line 149.
 [4]
Underfull \hbox (badness 10000) in paragraph at lines 158--161

 []


Underfull \hbox (badness 10000) in paragraph at lines 161--162

 []


Underfull \hbox (badness 2653) in paragraph at lines 162--163
\OT1/ptm/m/n/10 dwelled in Hon-olulu re-veals a broader, di-ver-si-fied
 []


Underfull \hbox (badness 10000) in paragraph at lines 162--163

 []


Underfull \hbox (badness 10000) in paragraph at lines 164--166

 []


Underfull \hbox (badness 10000) in paragraph at lines 166--167

 []


Underfull \hbox (badness 10000) in paragraph at lines 167--168

 []

<images/CNN.png, id=25, 441.14813pt x 261.22594pt>
File: images/CNN.png Graphic file (type png)
 <use images/CNN.png>
Package pdftex.def Info: images/CNN.png used on input line 176.
(pdftex.def)             Requested size: 441.14705pt x 261.22528pt.


LaTeX Warning: Citation `zeng:2014' on page 5 undefined on input line 191.


Underfull \hbox (badness 1424) in paragraph at lines 217--218
[] \OT1/ptm/m/n/10 get en-tity type (\OT1/ptm/m/it/10 Entity-1-Type,Entity-2-Ty
pe\OT1/ptm/m/n/10 ) us-ing
 []

) (./sections/experiments.tex
LaTeX Font Info:    Font shape `OMS/ptm/m/it' in size <10> not available
(Font)              Font shape `OMS/cmsy/m/n' tried instead on input line 11.
 [5] [6 <./images/CNN.png>])
(./sections/conclusion.tex) (./main.bbl)

** Conference Paper **
Before submitting the final camera ready copy, remember to:

 1. Manually equalize the lengths of two columns on the last page
 of your paper;

 2. Ensure that any PostScript and/or PDF output post-processing
 uses only Type 1 fonts and that every step in the generation
 process uses the appropriate paper size.

[7] (./main.aux)

LaTeX Warning: There were undefined references.

 ) 
Here is how much of TeX's memory you used:
 3917 strings out of 493304
 57587 string characters out of 6139872
 144425 words of memory out of 5000000
 7263 multiletter control sequences out of 15000+600000
 46920 words of font info for 89 fonts, out of 8000000 for 9000
 957 hyphenation exceptions out of 8191
 38i,11n,23p,993b,305s stack positions out of 5000i,500n,10000p,200000b,80000s
{/usr/share/texlive/texmf-dist/fonts/enc/dvips/base/8r.enc}</usr/share/texliv
e/texmf-dist/fonts/type1/public/amsfonts/cm/cmmi10.pfb></usr/share/texlive/texm
f-dist/fonts/type1/public/amsfonts/cm/cmmi7.pfb></usr/share/texlive/texmf-dist/
fonts/type1/public/amsfonts/cm/cmr10.pfb></usr/share/texlive/texmf-dist/fonts/t
ype1/public/amsfonts/cm/cmsy10.pfb></usr/share/texlive/texmf-dist/fonts/type1/p
ublic/amsfonts/cm/cmsy7.pfb></usr/share/texlive/texmf-dist/fonts/type1/urw/cour
ier/ucrr8a.pfb></usr/share/texlive/texmf-dist/fonts/type1/urw/times/utmb8a.pfb>
</usr/share/texlive/texmf-dist/fonts/type1/urw/times/utmbi8a.pfb></usr/share/te
xlive/texmf-dist/fonts/type1/urw/times/utmr8a.pfb></usr/share/texlive/texmf-dis
t/fonts/type1/urw/times/utmri8a.pfb>
Output written on main.pdf (7 pages, 397722 bytes).
PDF statistics:
 74 PDF objects out of 1000 (max. 8388607)
 50 compressed objects within 1 object stream
 0 named destinations out of 1000 (max. 500000)
 11 words of extra memory for PDF output out of 10000 (max. 10000000)

